2024-04-11 00:18:50 [INFO ] main StartupInfoLogger.java:55 org.example.srb.sms.ServiceSmsApplication Starting ServiceSmsApplication using Java 1.8.0_391 on Hex with PID 7780 (E:\Project\ShangRongBao\srb\service-sms\target\classes started by Administrator in E:\Project\ShangRongBao\srb)
2024-04-11 00:18:50 [DEBUG] main StartupInfoLogger.java:56 org.example.srb.sms.ServiceSmsApplication Running with Spring Boot v2.4.2, Spring v5.3.3
2024-04-11 00:18:50 [INFO ] main SpringApplication.java:664 org.example.srb.sms.ServiceSmsApplication The following profiles are active: dev
2024-04-11 00:29:23 [INFO ] main StartupInfoLogger.java:55 org.example.srb.sms.ServiceSmsApplication Starting ServiceSmsApplication using Java 1.8.0_391 on Hex with PID 20248 (E:\Project\ShangRongBao\srb\service-sms\target\classes started by Administrator in E:\Project\ShangRongBao\srb)
2024-04-11 00:29:23 [DEBUG] main StartupInfoLogger.java:56 org.example.srb.sms.ServiceSmsApplication Running with Spring Boot v2.4.2, Spring v5.3.3
2024-04-11 00:29:23 [INFO ] main SpringApplication.java:664 org.example.srb.sms.ServiceSmsApplication The following profiles are active: dev
2024-04-11 00:33:04 [INFO ] main StartupInfoLogger.java:55 org.example.srb.sms.ServiceSmsApplication Starting ServiceSmsApplication using Java 1.8.0_391 on Hex with PID 16892 (E:\Project\ShangRongBao\srb\service-sms\target\classes started by Administrator in E:\Project\ShangRongBao\srb)
2024-04-11 00:33:04 [DEBUG] main StartupInfoLogger.java:56 org.example.srb.sms.ServiceSmsApplication Running with Spring Boot v2.4.2, Spring v5.3.3
2024-04-11 00:33:04 [INFO ] main SpringApplication.java:664 org.example.srb.sms.ServiceSmsApplication The following profiles are active: dev
2024-04-11 00:38:21 [INFO ] main StartupInfoLogger.java:55 org.example.srb.sms.ServiceSmsApplication Starting ServiceSmsApplication using Java 1.8.0_391 on Hex with PID 18840 (E:\Project\ShangRongBao\srb\service-sms\target\classes started by Administrator in E:\Project\ShangRongBao\srb)
2024-04-11 00:38:21 [DEBUG] main StartupInfoLogger.java:56 org.example.srb.sms.ServiceSmsApplication Running with Spring Boot v2.4.2, Spring v5.3.3
2024-04-11 00:38:21 [INFO ] main SpringApplication.java:664 org.example.srb.sms.ServiceSmsApplication The following profiles are active: dev
2024-04-11 00:38:43 [INFO ] main StartupInfoLogger.java:55 org.example.srb.sms.ServiceSmsApplication Starting ServiceSmsApplication using Java 1.8.0_391 on Hex with PID 15868 (E:\Project\ShangRongBao\srb\service-sms\target\classes started by Administrator in E:\Project\ShangRongBao\srb)
2024-04-11 00:38:43 [DEBUG] main StartupInfoLogger.java:56 org.example.srb.sms.ServiceSmsApplication Running with Spring Boot v2.4.2, Spring v5.3.3
2024-04-11 00:38:43 [INFO ] main SpringApplication.java:664 org.example.srb.sms.ServiceSmsApplication The following profiles are active: dev
2024-04-11 01:28:02 [INFO ] main StartupInfoLogger.java:55 org.example.srb.sms.ServiceSmsApplication Starting ServiceSmsApplication using Java 1.8.0_391 on Hex with PID 17348 (E:\Project\ShangRongBao\srb\service-sms\target\classes started by Administrator in E:\Project\ShangRongBao\srb)
2024-04-11 01:28:02 [DEBUG] main StartupInfoLogger.java:56 org.example.srb.sms.ServiceSmsApplication Running with Spring Boot v2.4.2, Spring v5.3.3
2024-04-11 01:28:02 [INFO ] main SpringApplication.java:664 org.example.srb.sms.ServiceSmsApplication The following profiles are active: dev
2024-04-11 01:34:12 [INFO ] main StartupInfoLogger.java:55 org.example.srb.sms.ServiceSmsApplication Starting ServiceSmsApplication using Java 1.8.0_391 on Hex with PID 22044 (E:\Project\ShangRongBao\srb\service-sms\target\classes started by Administrator in E:\Project\ShangRongBao\srb)
2024-04-11 01:34:12 [DEBUG] main StartupInfoLogger.java:56 org.example.srb.sms.ServiceSmsApplication Running with Spring Boot v2.4.2, Spring v5.3.3
2024-04-11 01:34:12 [INFO ] main SpringApplication.java:664 org.example.srb.sms.ServiceSmsApplication The following profiles are active: dev
2024-04-11 01:38:02 [INFO ] main StartupInfoLogger.java:55 org.example.srb.sms.ServiceSmsApplication Starting ServiceSmsApplication using Java 1.8.0_391 on Hex with PID 21860 (E:\Project\ShangRongBao\srb\service-sms\target\classes started by Administrator in E:\Project\ShangRongBao\srb)
2024-04-11 01:38:02 [DEBUG] main StartupInfoLogger.java:56 org.example.srb.sms.ServiceSmsApplication Running with Spring Boot v2.4.2, Spring v5.3.3
2024-04-11 01:38:02 [INFO ] main SpringApplication.java:664 org.example.srb.sms.ServiceSmsApplication The following profiles are active: dev
2024-04-11 01:44:51 [INFO ] main StartupInfoLogger.java:55 org.example.srb.sms.ServiceSmsApplication Starting ServiceSmsApplication using Java 1.8.0_391 on Hex with PID 10816 (E:\Project\ShangRongBao\srb\service-sms\target\classes started by Administrator in E:\Project\ShangRongBao\srb)
2024-04-11 01:44:51 [DEBUG] main StartupInfoLogger.java:56 org.example.srb.sms.ServiceSmsApplication Running with Spring Boot v2.4.2, Spring v5.3.3
2024-04-11 01:44:51 [INFO ] main SpringApplication.java:664 org.example.srb.sms.ServiceSmsApplication The following profiles are active: dev
2024-04-11 01:47:15 [INFO ] main StartupInfoLogger.java:55 org.example.srb.sms.ServiceSmsApplication Starting ServiceSmsApplication using Java 1.8.0_391 on Hex with PID 8624 (E:\Project\ShangRongBao\srb\service-sms\target\classes started by Administrator in E:\Project\ShangRongBao\srb)
2024-04-11 01:47:15 [DEBUG] main StartupInfoLogger.java:56 org.example.srb.sms.ServiceSmsApplication Running with Spring Boot v2.4.2, Spring v5.3.3
2024-04-11 01:47:15 [INFO ] main SpringApplication.java:664 org.example.srb.sms.ServiceSmsApplication The following profiles are active: dev
2024-04-11 01:52:06 [INFO ] main StartupInfoLogger.java:55 org.example.srb.sms.ServiceSmsApplication Starting ServiceSmsApplication using Java 1.8.0_391 on Hex with PID 20540 (E:\Project\ShangRongBao\srb\service-sms\target\classes started by Administrator in E:\Project\ShangRongBao\srb)
2024-04-11 01:52:06 [DEBUG] main StartupInfoLogger.java:56 org.example.srb.sms.ServiceSmsApplication Running with Spring Boot v2.4.2, Spring v5.3.3
2024-04-11 01:52:06 [INFO ] main SpringApplication.java:664 org.example.srb.sms.ServiceSmsApplication The following profiles are active: dev
2024-04-11 01:52:12 [INFO ] main StartupInfoLogger.java:61 org.example.srb.sms.ServiceSmsApplication Started ServiceSmsApplication in 7.194 seconds (JVM running for 8.291)
2024-04-11 02:07:43 [DEBUG] http-nio-8120-exec-1 Slf4jLogger.java:72 org.example.srb.sms.client.CoreUserInfoClient [CoreUserInfoClient#checkMobile] ---> GET http://service-core/api/core/userInfo/checkMobile/13421281227 HTTP/1.1
2024-04-11 02:07:43 [DEBUG] http-nio-8120-exec-1 Slf4jLogger.java:72 org.example.srb.sms.client.CoreUserInfoClient [CoreUserInfoClient#checkMobile] ---> END HTTP (0-byte body)
2024-04-11 02:07:43 [DEBUG] http-nio-8120-exec-1 Slf4jLogger.java:72 org.example.srb.sms.client.CoreUserInfoClient [CoreUserInfoClient#checkMobile] <--- HTTP/1.1 200 (223ms)
2024-04-11 02:07:43 [DEBUG] http-nio-8120-exec-1 Slf4jLogger.java:72 org.example.srb.sms.client.CoreUserInfoClient [CoreUserInfoClient#checkMobile] connection: keep-alive
2024-04-11 02:07:43 [DEBUG] http-nio-8120-exec-1 Slf4jLogger.java:72 org.example.srb.sms.client.CoreUserInfoClient [CoreUserInfoClient#checkMobile] content-type: application/json
2024-04-11 02:07:43 [DEBUG] http-nio-8120-exec-1 Slf4jLogger.java:72 org.example.srb.sms.client.CoreUserInfoClient [CoreUserInfoClient#checkMobile] date: Wed, 10 Apr 2024 18:07:43 GMT
2024-04-11 02:07:43 [DEBUG] http-nio-8120-exec-1 Slf4jLogger.java:72 org.example.srb.sms.client.CoreUserInfoClient [CoreUserInfoClient#checkMobile] keep-alive: timeout=60
2024-04-11 02:07:43 [DEBUG] http-nio-8120-exec-1 Slf4jLogger.java:72 org.example.srb.sms.client.CoreUserInfoClient [CoreUserInfoClient#checkMobile] transfer-encoding: chunked
2024-04-11 02:07:43 [DEBUG] http-nio-8120-exec-1 Slf4jLogger.java:72 org.example.srb.sms.client.CoreUserInfoClient [CoreUserInfoClient#checkMobile] vary: Access-Control-Request-Headers
2024-04-11 02:07:43 [DEBUG] http-nio-8120-exec-1 Slf4jLogger.java:72 org.example.srb.sms.client.CoreUserInfoClient [CoreUserInfoClient#checkMobile] vary: Access-Control-Request-Method
2024-04-11 02:07:43 [DEBUG] http-nio-8120-exec-1 Slf4jLogger.java:72 org.example.srb.sms.client.CoreUserInfoClient [CoreUserInfoClient#checkMobile] vary: Origin
2024-04-11 02:07:43 [DEBUG] http-nio-8120-exec-1 Slf4jLogger.java:72 org.example.srb.sms.client.CoreUserInfoClient [CoreUserInfoClient#checkMobile] 
2024-04-11 02:07:43 [DEBUG] http-nio-8120-exec-1 Slf4jLogger.java:72 org.example.srb.sms.client.CoreUserInfoClient [CoreUserInfoClient#checkMobile] true
2024-04-11 02:07:43 [DEBUG] http-nio-8120-exec-1 Slf4jLogger.java:72 org.example.srb.sms.client.CoreUserInfoClient [CoreUserInfoClient#checkMobile] <--- END HTTP (4-byte body)
2024-04-11 02:07:43 [INFO ] http-nio-8120-exec-1 ApiSmsController.java:60 org.example.srb.sms.controller.api.ApiSmsController 手机号13421281227是否被注册: result=true
2024-04-11 02:07:43 [INFO ] http-nio-8120-exec-1 Assert.java:53 org.example.common.exception.Assert fail...............
2024-04-11 02:07:43 [ERROR] http-nio-8120-exec-1 UnifiedExceptionHandler.java:57 org.example.common.exception.UnifiedExceptionHandler 手机号已被注册
org.example.common.exception.BusinessException: 手机号已被注册
	at org.example.common.exception.Assert.isTrue(Assert.java:54)
	at org.example.srb.sms.controller.api.ApiSmsController.send(ApiSmsController.java:61)
	at sun.reflect.NativeMethodAccessorImpl.invoke0(Native Method)
	at sun.reflect.NativeMethodAccessorImpl.invoke(NativeMethodAccessorImpl.java:62)
	at sun.reflect.DelegatingMethodAccessorImpl.invoke(DelegatingMethodAccessorImpl.java:43)
	at java.lang.reflect.Method.invoke(Method.java:498)
	at org.springframework.web.method.support.InvocableHandlerMethod.doInvoke(InvocableHandlerMethod.java:197)
	at org.springframework.web.method.support.InvocableHandlerMethod.invokeForRequest(InvocableHandlerMethod.java:141)
	at org.springframework.web.servlet.mvc.method.annotation.ServletInvocableHandlerMethod.invokeAndHandle(ServletInvocableHandlerMethod.java:106)
	at org.springframework.web.servlet.mvc.method.annotation.RequestMappingHandlerAdapter.invokeHandlerMethod(RequestMappingHandlerAdapter.java:894)
	at org.springframework.web.servlet.mvc.method.annotation.RequestMappingHandlerAdapter.handleInternal(RequestMappingHandlerAdapter.java:808)
	at org.springframework.web.servlet.mvc.method.AbstractHandlerMethodAdapter.handle(AbstractHandlerMethodAdapter.java:87)
	at org.springframework.web.servlet.DispatcherServlet.doDispatch(DispatcherServlet.java:1060)
	at org.springframework.web.servlet.DispatcherServlet.doService(DispatcherServlet.java:962)
	at org.springframework.web.servlet.FrameworkServlet.processRequest(FrameworkServlet.java:1006)
	at org.springframework.web.servlet.FrameworkServlet.doGet(FrameworkServlet.java:898)
	at javax.servlet.http.HttpServlet.service(HttpServlet.java:626)
	at org.springframework.web.servlet.FrameworkServlet.service(FrameworkServlet.java:883)
	at javax.servlet.http.HttpServlet.service(HttpServlet.java:733)
	at org.apache.catalina.core.ApplicationFilterChain.internalDoFilter(ApplicationFilterChain.java:231)
	at org.apache.catalina.core.ApplicationFilterChain.doFilter(ApplicationFilterChain.java:166)
	at org.apache.tomcat.websocket.server.WsFilter.doFilter(WsFilter.java:53)
	at org.apache.catalina.core.ApplicationFilterChain.internalDoFilter(ApplicationFilterChain.java:193)
	at org.apache.catalina.core.ApplicationFilterChain.doFilter(ApplicationFilterChain.java:166)
	at org.springframework.web.filter.RequestContextFilter.doFilterInternal(RequestContextFilter.java:100)
	at org.springframework.web.filter.OncePerRequestFilter.doFilter(OncePerRequestFilter.java:119)
	at org.apache.catalina.core.ApplicationFilterChain.internalDoFilter(ApplicationFilterChain.java:193)
	at org.apache.catalina.core.ApplicationFilterChain.doFilter(ApplicationFilterChain.java:166)
	at org.springframework.web.filter.FormContentFilter.doFilterInternal(FormContentFilter.java:93)
	at org.springframework.web.filter.OncePerRequestFilter.doFilter(OncePerRequestFilter.java:119)
	at org.apache.catalina.core.ApplicationFilterChain.internalDoFilter(ApplicationFilterChain.java:193)
	at org.apache.catalina.core.ApplicationFilterChain.doFilter(ApplicationFilterChain.java:166)
	at org.springframework.boot.actuate.metrics.web.servlet.WebMvcMetricsFilter.doFilterInternal(WebMvcMetricsFilter.java:93)
	at org.springframework.web.filter.OncePerRequestFilter.doFilter(OncePerRequestFilter.java:119)
	at org.apache.catalina.core.ApplicationFilterChain.internalDoFilter(ApplicationFilterChain.java:193)
	at org.apache.catalina.core.ApplicationFilterChain.doFilter(ApplicationFilterChain.java:166)
	at org.springframework.web.filter.CharacterEncodingFilter.doFilterInternal(CharacterEncodingFilter.java:201)
	at org.springframework.web.filter.OncePerRequestFilter.doFilter(OncePerRequestFilter.java:119)
	at org.apache.catalina.core.ApplicationFilterChain.internalDoFilter(ApplicationFilterChain.java:193)
	at org.apache.catalina.core.ApplicationFilterChain.doFilter(ApplicationFilterChain.java:166)
	at org.apache.catalina.core.StandardWrapperValve.invoke(StandardWrapperValve.java:202)
	at org.apache.catalina.core.StandardContextValve.invoke(StandardContextValve.java:97)
	at org.apache.catalina.authenticator.AuthenticatorBase.invoke(AuthenticatorBase.java:542)
	at org.apache.catalina.core.StandardHostValve.invoke(StandardHostValve.java:143)
	at org.apache.catalina.valves.ErrorReportValve.invoke(ErrorReportValve.java:92)
	at org.apache.catalina.core.StandardEngineValve.invoke(StandardEngineValve.java:78)
	at org.apache.catalina.connector.CoyoteAdapter.service(CoyoteAdapter.java:343)
	at org.apache.coyote.http11.Http11Processor.service(Http11Processor.java:374)
	at org.apache.coyote.AbstractProcessorLight.process(AbstractProcessorLight.java:65)
	at org.apache.coyote.AbstractProtocol$ConnectionHandler.process(AbstractProtocol.java:888)
	at org.apache.tomcat.util.net.NioEndpoint$SocketProcessor.doRun(NioEndpoint.java:1597)
	at org.apache.tomcat.util.net.SocketProcessorBase.run(SocketProcessorBase.java:49)
	at java.util.concurrent.ThreadPoolExecutor.runWorker(ThreadPoolExecutor.java:1149)
	at java.util.concurrent.ThreadPoolExecutor$Worker.run(ThreadPoolExecutor.java:624)
	at org.apache.tomcat.util.threads.TaskThread$WrappingRunnable.run(TaskThread.java:61)
	at java.lang.Thread.run(Thread.java:750)
2024-04-11 02:08:40 [DEBUG] http-nio-8120-exec-3 Slf4jLogger.java:72 org.example.srb.sms.client.CoreUserInfoClient [CoreUserInfoClient#checkMobile] ---> GET http://service-core/api/core/userInfo/checkMobile/13421281227 HTTP/1.1
2024-04-11 02:08:40 [DEBUG] http-nio-8120-exec-3 Slf4jLogger.java:72 org.example.srb.sms.client.CoreUserInfoClient [CoreUserInfoClient#checkMobile] ---> END HTTP (0-byte body)
2024-04-11 02:08:40 [DEBUG] http-nio-8120-exec-3 Slf4jLogger.java:72 org.example.srb.sms.client.CoreUserInfoClient [CoreUserInfoClient#checkMobile] <--- HTTP/1.1 200 (9ms)
2024-04-11 02:08:40 [DEBUG] http-nio-8120-exec-3 Slf4jLogger.java:72 org.example.srb.sms.client.CoreUserInfoClient [CoreUserInfoClient#checkMobile] connection: keep-alive
2024-04-11 02:08:40 [DEBUG] http-nio-8120-exec-3 Slf4jLogger.java:72 org.example.srb.sms.client.CoreUserInfoClient [CoreUserInfoClient#checkMobile] content-type: application/json
2024-04-11 02:08:40 [DEBUG] http-nio-8120-exec-3 Slf4jLogger.java:72 org.example.srb.sms.client.CoreUserInfoClient [CoreUserInfoClient#checkMobile] date: Wed, 10 Apr 2024 18:08:40 GMT
2024-04-11 02:08:40 [DEBUG] http-nio-8120-exec-3 Slf4jLogger.java:72 org.example.srb.sms.client.CoreUserInfoClient [CoreUserInfoClient#checkMobile] keep-alive: timeout=60
2024-04-11 02:08:40 [DEBUG] http-nio-8120-exec-3 Slf4jLogger.java:72 org.example.srb.sms.client.CoreUserInfoClient [CoreUserInfoClient#checkMobile] transfer-encoding: chunked
2024-04-11 02:08:40 [DEBUG] http-nio-8120-exec-3 Slf4jLogger.java:72 org.example.srb.sms.client.CoreUserInfoClient [CoreUserInfoClient#checkMobile] vary: Access-Control-Request-Headers
2024-04-11 02:08:40 [DEBUG] http-nio-8120-exec-3 Slf4jLogger.java:72 org.example.srb.sms.client.CoreUserInfoClient [CoreUserInfoClient#checkMobile] vary: Access-Control-Request-Method
2024-04-11 02:08:40 [DEBUG] http-nio-8120-exec-3 Slf4jLogger.java:72 org.example.srb.sms.client.CoreUserInfoClient [CoreUserInfoClient#checkMobile] vary: Origin
2024-04-11 02:08:40 [DEBUG] http-nio-8120-exec-3 Slf4jLogger.java:72 org.example.srb.sms.client.CoreUserInfoClient [CoreUserInfoClient#checkMobile] 
2024-04-11 02:08:40 [DEBUG] http-nio-8120-exec-3 Slf4jLogger.java:72 org.example.srb.sms.client.CoreUserInfoClient [CoreUserInfoClient#checkMobile] true
2024-04-11 02:08:40 [DEBUG] http-nio-8120-exec-3 Slf4jLogger.java:72 org.example.srb.sms.client.CoreUserInfoClient [CoreUserInfoClient#checkMobile] <--- END HTTP (4-byte body)
2024-04-11 02:08:40 [INFO ] http-nio-8120-exec-3 ApiSmsController.java:60 org.example.srb.sms.controller.api.ApiSmsController 手机号13421281227是否被注册: result=true
2024-04-11 02:08:40 [INFO ] http-nio-8120-exec-3 Assert.java:53 org.example.common.exception.Assert fail...............
2024-04-11 02:08:40 [ERROR] http-nio-8120-exec-3 UnifiedExceptionHandler.java:57 org.example.common.exception.UnifiedExceptionHandler 手机号已被注册
org.example.common.exception.BusinessException: 手机号已被注册
	at org.example.common.exception.Assert.isTrue(Assert.java:54)
	at org.example.srb.sms.controller.api.ApiSmsController.send(ApiSmsController.java:61)
	at sun.reflect.NativeMethodAccessorImpl.invoke0(Native Method)
	at sun.reflect.NativeMethodAccessorImpl.invoke(NativeMethodAccessorImpl.java:62)
	at sun.reflect.DelegatingMethodAccessorImpl.invoke(DelegatingMethodAccessorImpl.java:43)
	at java.lang.reflect.Method.invoke(Method.java:498)
	at org.springframework.web.method.support.InvocableHandlerMethod.doInvoke(InvocableHandlerMethod.java:197)
	at org.springframework.web.method.support.InvocableHandlerMethod.invokeForRequest(InvocableHandlerMethod.java:141)
	at org.springframework.web.servlet.mvc.method.annotation.ServletInvocableHandlerMethod.invokeAndHandle(ServletInvocableHandlerMethod.java:106)
	at org.springframework.web.servlet.mvc.method.annotation.RequestMappingHandlerAdapter.invokeHandlerMethod(RequestMappingHandlerAdapter.java:894)
	at org.springframework.web.servlet.mvc.method.annotation.RequestMappingHandlerAdapter.handleInternal(RequestMappingHandlerAdapter.java:808)
	at org.springframework.web.servlet.mvc.method.AbstractHandlerMethodAdapter.handle(AbstractHandlerMethodAdapter.java:87)
	at org.springframework.web.servlet.DispatcherServlet.doDispatch(DispatcherServlet.java:1060)
	at org.springframework.web.servlet.DispatcherServlet.doService(DispatcherServlet.java:962)
	at org.springframework.web.servlet.FrameworkServlet.processRequest(FrameworkServlet.java:1006)
	at org.springframework.web.servlet.FrameworkServlet.doGet(FrameworkServlet.java:898)
	at javax.servlet.http.HttpServlet.service(HttpServlet.java:626)
	at org.springframework.web.servlet.FrameworkServlet.service(FrameworkServlet.java:883)
	at javax.servlet.http.HttpServlet.service(HttpServlet.java:733)
	at org.apache.catalina.core.ApplicationFilterChain.internalDoFilter(ApplicationFilterChain.java:231)
	at org.apache.catalina.core.ApplicationFilterChain.doFilter(ApplicationFilterChain.java:166)
	at org.apache.tomcat.websocket.server.WsFilter.doFilter(WsFilter.java:53)
	at org.apache.catalina.core.ApplicationFilterChain.internalDoFilter(ApplicationFilterChain.java:193)
	at org.apache.catalina.core.ApplicationFilterChain.doFilter(ApplicationFilterChain.java:166)
	at org.springframework.web.filter.RequestContextFilter.doFilterInternal(RequestContextFilter.java:100)
	at org.springframework.web.filter.OncePerRequestFilter.doFilter(OncePerRequestFilter.java:119)
	at org.apache.catalina.core.ApplicationFilterChain.internalDoFilter(ApplicationFilterChain.java:193)
	at org.apache.catalina.core.ApplicationFilterChain.doFilter(ApplicationFilterChain.java:166)
	at org.springframework.web.filter.FormContentFilter.doFilterInternal(FormContentFilter.java:93)
	at org.springframework.web.filter.OncePerRequestFilter.doFilter(OncePerRequestFilter.java:119)
	at org.apache.catalina.core.ApplicationFilterChain.internalDoFilter(ApplicationFilterChain.java:193)
	at org.apache.catalina.core.ApplicationFilterChain.doFilter(ApplicationFilterChain.java:166)
	at org.springframework.boot.actuate.metrics.web.servlet.WebMvcMetricsFilter.doFilterInternal(WebMvcMetricsFilter.java:93)
	at org.springframework.web.filter.OncePerRequestFilter.doFilter(OncePerRequestFilter.java:119)
	at org.apache.catalina.core.ApplicationFilterChain.internalDoFilter(ApplicationFilterChain.java:193)
	at org.apache.catalina.core.ApplicationFilterChain.doFilter(ApplicationFilterChain.java:166)
	at org.springframework.web.filter.CharacterEncodingFilter.doFilterInternal(CharacterEncodingFilter.java:201)
	at org.springframework.web.filter.OncePerRequestFilter.doFilter(OncePerRequestFilter.java:119)
	at org.apache.catalina.core.ApplicationFilterChain.internalDoFilter(ApplicationFilterChain.java:193)
	at org.apache.catalina.core.ApplicationFilterChain.doFilter(ApplicationFilterChain.java:166)
	at org.apache.catalina.core.StandardWrapperValve.invoke(StandardWrapperValve.java:202)
	at org.apache.catalina.core.StandardContextValve.invoke(StandardContextValve.java:97)
	at org.apache.catalina.authenticator.AuthenticatorBase.invoke(AuthenticatorBase.java:542)
	at org.apache.catalina.core.StandardHostValve.invoke(StandardHostValve.java:143)
	at org.apache.catalina.valves.ErrorReportValve.invoke(ErrorReportValve.java:92)
	at org.apache.catalina.core.StandardEngineValve.invoke(StandardEngineValve.java:78)
	at org.apache.catalina.connector.CoyoteAdapter.service(CoyoteAdapter.java:343)
	at org.apache.coyote.http11.Http11Processor.service(Http11Processor.java:374)
	at org.apache.coyote.AbstractProcessorLight.process(AbstractProcessorLight.java:65)
	at org.apache.coyote.AbstractProtocol$ConnectionHandler.process(AbstractProtocol.java:888)
	at org.apache.tomcat.util.net.NioEndpoint$SocketProcessor.doRun(NioEndpoint.java:1597)
	at org.apache.tomcat.util.net.SocketProcessorBase.run(SocketProcessorBase.java:49)
	at java.util.concurrent.ThreadPoolExecutor.runWorker(ThreadPoolExecutor.java:1149)
	at java.util.concurrent.ThreadPoolExecutor$Worker.run(ThreadPoolExecutor.java:624)
	at org.apache.tomcat.util.threads.TaskThread$WrappingRunnable.run(TaskThread.java:61)
	at java.lang.Thread.run(Thread.java:750)
2024-04-11 18:33:03 [INFO ] main StartupInfoLogger.java:55 org.example.srb.sms.ServiceSmsApplication Starting ServiceSmsApplication using Java 1.8.0_391 on Hex with PID 1292 (E:\Project\ShangRongBao\srb\service-sms\target\classes started by Administrator in E:\Project\ShangRongBao\srb)
2024-04-11 18:33:03 [DEBUG] main StartupInfoLogger.java:56 org.example.srb.sms.ServiceSmsApplication Running with Spring Boot v2.4.2, Spring v5.3.3
2024-04-11 18:33:03 [INFO ] main SpringApplication.java:664 org.example.srb.sms.ServiceSmsApplication The following profiles are active: dev
