2024-04-19 00:43:32 [INFO ] main StartupInfoLogger.java:55 org.example.srb.core.ServiceCoreApplication Starting ServiceCoreApplication using Java 1.8.0_391 on Hex with PID 5748 (E:\Project\ShangRongBao\srb\service-core\target\classes started by Administrator in E:\Project\ShangRongBao\srb)
2024-04-19 00:43:32 [INFO ] main SpringApplication.java:664 org.example.srb.core.ServiceCoreApplication The following profiles are active: dev
2024-04-19 00:43:40 [INFO ] main StartupInfoLogger.java:61 org.example.srb.core.ServiceCoreApplication Started ServiceCoreApplication in 9.708 seconds (JVM running for 10.756)
2024-04-19 00:44:45 [INFO ] http-nio-8110-exec-1 DictServiceImpl.java:124 org.example.srb.core.service.impl.DictServiceImpl 从数据库中取值
2024-04-19 00:44:45 [INFO ] http-nio-8110-exec-1 DictServiceImpl.java:139 org.example.srb.core.service.impl.DictServiceImpl 将数据存入redis
2024-04-19 01:48:08 [INFO ] http-nio-8110-exec-3 DictServiceImpl.java:124 org.example.srb.core.service.impl.DictServiceImpl 从数据库中取值
2024-04-19 01:48:08 [INFO ] http-nio-8110-exec-3 DictServiceImpl.java:139 org.example.srb.core.service.impl.DictServiceImpl 将数据存入redis
2024-04-19 01:48:22 [INFO ] http-nio-8110-exec-4 DictServiceImpl.java:116 org.example.srb.core.service.impl.DictServiceImpl 从redis中取值
2024-04-19 01:48:22 [INFO ] http-nio-8110-exec-4 DictServiceImpl.java:124 org.example.srb.core.service.impl.DictServiceImpl 从数据库中取值
2024-04-19 01:48:22 [INFO ] http-nio-8110-exec-4 DictServiceImpl.java:139 org.example.srb.core.service.impl.DictServiceImpl 将数据存入redis
2024-04-19 01:48:22 [INFO ] http-nio-8110-exec-4 DictServiceImpl.java:124 org.example.srb.core.service.impl.DictServiceImpl 从数据库中取值
2024-04-19 01:48:22 [INFO ] http-nio-8110-exec-4 DictServiceImpl.java:139 org.example.srb.core.service.impl.DictServiceImpl 将数据存入redis
2024-04-19 01:48:22 [INFO ] http-nio-8110-exec-4 DictServiceImpl.java:124 org.example.srb.core.service.impl.DictServiceImpl 从数据库中取值
2024-04-19 01:48:22 [INFO ] http-nio-8110-exec-4 DictServiceImpl.java:139 org.example.srb.core.service.impl.DictServiceImpl 将数据存入redis
2024-04-19 01:48:22 [INFO ] http-nio-8110-exec-4 DictServiceImpl.java:124 org.example.srb.core.service.impl.DictServiceImpl 从数据库中取值
2024-04-19 01:48:22 [INFO ] http-nio-8110-exec-4 DictServiceImpl.java:139 org.example.srb.core.service.impl.DictServiceImpl 将数据存入redis
2024-04-19 01:48:22 [INFO ] http-nio-8110-exec-4 DictServiceImpl.java:124 org.example.srb.core.service.impl.DictServiceImpl 从数据库中取值
2024-04-19 01:48:22 [INFO ] http-nio-8110-exec-4 DictServiceImpl.java:139 org.example.srb.core.service.impl.DictServiceImpl 将数据存入redis
2024-04-19 01:48:26 [INFO ] http-nio-8110-exec-5 DictServiceImpl.java:116 org.example.srb.core.service.impl.DictServiceImpl 从redis中取值
2024-04-19 01:50:05 [INFO ] http-nio-8110-exec-7 DictServiceImpl.java:116 org.example.srb.core.service.impl.DictServiceImpl 从redis中取值
2024-04-19 01:50:24 [INFO ] http-nio-8110-exec-8 DictServiceImpl.java:116 org.example.srb.core.service.impl.DictServiceImpl 从redis中取值
2024-04-19 02:12:31 [INFO ] http-nio-8110-exec-10 DictServiceImpl.java:124 org.example.srb.core.service.impl.DictServiceImpl 从数据库中取值
2024-04-19 02:12:31 [INFO ] http-nio-8110-exec-10 DictServiceImpl.java:139 org.example.srb.core.service.impl.DictServiceImpl 将数据存入redis
2024-04-19 02:13:00 [INFO ] http-nio-8110-exec-1 DictServiceImpl.java:116 org.example.srb.core.service.impl.DictServiceImpl 从redis中取值
2024-04-19 02:13:15 [INFO ] http-nio-8110-exec-2 DictServiceImpl.java:116 org.example.srb.core.service.impl.DictServiceImpl 从redis中取值
2024-04-19 22:24:34 [INFO ] main StartupInfoLogger.java:55 org.example.srb.core.ServiceCoreApplication Starting ServiceCoreApplication using Java 1.8.0_391 on Hex with PID 19192 (E:\Project\ShangRongBao\srb\service-core\target\classes started by Administrator in E:\Project\ShangRongBao\srb)
2024-04-19 22:24:34 [INFO ] main SpringApplication.java:664 org.example.srb.core.ServiceCoreApplication The following profiles are active: dev
2024-04-19 22:24:51 [INFO ] main StartupInfoLogger.java:61 org.example.srb.core.ServiceCoreApplication Started ServiceCoreApplication in 20.182 seconds (JVM running for 22.647)
2024-04-19 22:26:11 [INFO ] http-nio-8110-exec-2 DictServiceImpl.java:124 org.example.srb.core.service.impl.DictServiceImpl 从数据库中取值
2024-04-19 22:26:11 [INFO ] http-nio-8110-exec-2 DictServiceImpl.java:139 org.example.srb.core.service.impl.DictServiceImpl 将数据存入redis
2024-04-19 22:26:11 [INFO ] http-nio-8110-exec-2 DictServiceImpl.java:124 org.example.srb.core.service.impl.DictServiceImpl 从数据库中取值
2024-04-19 22:26:11 [INFO ] http-nio-8110-exec-2 DictServiceImpl.java:139 org.example.srb.core.service.impl.DictServiceImpl 将数据存入redis
2024-04-19 22:26:14 [INFO ] http-nio-8110-exec-1 DictServiceImpl.java:116 org.example.srb.core.service.impl.DictServiceImpl 从redis中取值
2024-04-19 22:26:32 [INFO ] http-nio-8110-exec-4 DictServiceImpl.java:116 org.example.srb.core.service.impl.DictServiceImpl 从redis中取值
2024-04-19 22:26:32 [INFO ] http-nio-8110-exec-4 DictServiceImpl.java:116 org.example.srb.core.service.impl.DictServiceImpl 从redis中取值
2024-04-19 22:26:35 [INFO ] http-nio-8110-exec-5 DictServiceImpl.java:116 org.example.srb.core.service.impl.DictServiceImpl 从redis中取值
2024-04-19 22:27:28 [INFO ] http-nio-8110-exec-7 DictServiceImpl.java:116 org.example.srb.core.service.impl.DictServiceImpl 从redis中取值
2024-04-19 22:27:29 [INFO ] http-nio-8110-exec-7 DictServiceImpl.java:124 org.example.srb.core.service.impl.DictServiceImpl 从数据库中取值
2024-04-19 22:27:29 [INFO ] http-nio-8110-exec-7 DictServiceImpl.java:139 org.example.srb.core.service.impl.DictServiceImpl 将数据存入redis
2024-04-19 22:27:29 [INFO ] http-nio-8110-exec-7 DictServiceImpl.java:116 org.example.srb.core.service.impl.DictServiceImpl 从redis中取值
2024-04-19 22:27:29 [INFO ] http-nio-8110-exec-7 DictServiceImpl.java:124 org.example.srb.core.service.impl.DictServiceImpl 从数据库中取值
2024-04-19 22:27:29 [INFO ] http-nio-8110-exec-7 DictServiceImpl.java:139 org.example.srb.core.service.impl.DictServiceImpl 将数据存入redis
2024-04-19 22:27:29 [INFO ] http-nio-8110-exec-7 DictServiceImpl.java:124 org.example.srb.core.service.impl.DictServiceImpl 从数据库中取值
2024-04-19 22:27:29 [INFO ] http-nio-8110-exec-7 DictServiceImpl.java:139 org.example.srb.core.service.impl.DictServiceImpl 将数据存入redis
2024-04-19 22:27:29 [INFO ] http-nio-8110-exec-7 DictServiceImpl.java:124 org.example.srb.core.service.impl.DictServiceImpl 从数据库中取值
2024-04-19 22:27:29 [INFO ] http-nio-8110-exec-7 DictServiceImpl.java:139 org.example.srb.core.service.impl.DictServiceImpl 将数据存入redis
2024-04-19 22:27:59 [INFO ] http-nio-8110-exec-8 DictServiceImpl.java:116 org.example.srb.core.service.impl.DictServiceImpl 从redis中取值
2024-04-19 22:27:59 [INFO ] http-nio-8110-exec-8 DictServiceImpl.java:116 org.example.srb.core.service.impl.DictServiceImpl 从redis中取值
2024-04-19 22:27:59 [INFO ] http-nio-8110-exec-8 DictServiceImpl.java:116 org.example.srb.core.service.impl.DictServiceImpl 从redis中取值
2024-04-19 22:27:59 [INFO ] http-nio-8110-exec-8 DictServiceImpl.java:116 org.example.srb.core.service.impl.DictServiceImpl 从redis中取值
2024-04-19 22:27:59 [INFO ] http-nio-8110-exec-8 DictServiceImpl.java:116 org.example.srb.core.service.impl.DictServiceImpl 从redis中取值
2024-04-19 22:27:59 [INFO ] http-nio-8110-exec-8 DictServiceImpl.java:116 org.example.srb.core.service.impl.DictServiceImpl 从redis中取值
2024-04-19 22:49:48 [INFO ] http-nio-8110-exec-4 DictServiceImpl.java:124 org.example.srb.core.service.impl.DictServiceImpl 从数据库中取值
2024-04-19 22:49:48 [INFO ] http-nio-8110-exec-4 DictServiceImpl.java:139 org.example.srb.core.service.impl.DictServiceImpl 将数据存入redis
2024-04-19 22:49:48 [INFO ] http-nio-8110-exec-4 DictServiceImpl.java:124 org.example.srb.core.service.impl.DictServiceImpl 从数据库中取值
2024-04-19 22:49:48 [INFO ] http-nio-8110-exec-4 DictServiceImpl.java:139 org.example.srb.core.service.impl.DictServiceImpl 将数据存入redis
2024-04-19 22:49:48 [INFO ] http-nio-8110-exec-4 DictServiceImpl.java:124 org.example.srb.core.service.impl.DictServiceImpl 从数据库中取值
2024-04-19 22:49:48 [INFO ] http-nio-8110-exec-4 DictServiceImpl.java:139 org.example.srb.core.service.impl.DictServiceImpl 将数据存入redis
2024-04-19 22:49:48 [INFO ] http-nio-8110-exec-4 DictServiceImpl.java:124 org.example.srb.core.service.impl.DictServiceImpl 从数据库中取值
2024-04-19 22:49:48 [INFO ] http-nio-8110-exec-4 DictServiceImpl.java:139 org.example.srb.core.service.impl.DictServiceImpl 将数据存入redis
2024-04-19 22:49:48 [INFO ] http-nio-8110-exec-4 DictServiceImpl.java:124 org.example.srb.core.service.impl.DictServiceImpl 从数据库中取值
2024-04-19 22:49:48 [INFO ] http-nio-8110-exec-4 DictServiceImpl.java:139 org.example.srb.core.service.impl.DictServiceImpl 将数据存入redis
2024-04-19 22:49:48 [INFO ] http-nio-8110-exec-4 DictServiceImpl.java:124 org.example.srb.core.service.impl.DictServiceImpl 从数据库中取值
2024-04-19 22:49:48 [INFO ] http-nio-8110-exec-4 DictServiceImpl.java:139 org.example.srb.core.service.impl.DictServiceImpl 将数据存入redis
2024-04-19 22:50:06 [INFO ] main StartupInfoLogger.java:55 org.example.srb.core.ServiceCoreApplication Starting ServiceCoreApplication using Java 1.8.0_391 on Hex with PID 5968 (E:\Project\ShangRongBao\srb\service-core\target\classes started by Administrator in E:\Project\ShangRongBao\srb)
2024-04-19 22:50:06 [INFO ] main SpringApplication.java:664 org.example.srb.core.ServiceCoreApplication The following profiles are active: dev
2024-04-19 22:50:14 [INFO ] main StartupInfoLogger.java:61 org.example.srb.core.ServiceCoreApplication Started ServiceCoreApplication in 9.21 seconds (JVM running for 10.219)
2024-04-19 22:50:39 [INFO ] http-nio-8110-exec-1 DictServiceImpl.java:116 org.example.srb.core.service.impl.DictServiceImpl 从redis中取值
2024-04-19 22:50:39 [INFO ] http-nio-8110-exec-1 DictServiceImpl.java:116 org.example.srb.core.service.impl.DictServiceImpl 从redis中取值
2024-04-19 22:50:39 [INFO ] http-nio-8110-exec-1 DictServiceImpl.java:116 org.example.srb.core.service.impl.DictServiceImpl 从redis中取值
2024-04-19 22:50:39 [INFO ] http-nio-8110-exec-1 DictServiceImpl.java:116 org.example.srb.core.service.impl.DictServiceImpl 从redis中取值
2024-04-19 22:50:39 [INFO ] http-nio-8110-exec-1 DictServiceImpl.java:116 org.example.srb.core.service.impl.DictServiceImpl 从redis中取值
2024-04-19 22:50:39 [INFO ] http-nio-8110-exec-1 DictServiceImpl.java:116 org.example.srb.core.service.impl.DictServiceImpl 从redis中取值
2024-04-19 22:53:25 [INFO ] main StartupInfoLogger.java:55 org.example.srb.core.ServiceCoreApplication Starting ServiceCoreApplication using Java 1.8.0_391 on Hex with PID 19800 (E:\Project\ShangRongBao\srb\service-core\target\classes started by Administrator in E:\Project\ShangRongBao\srb)
2024-04-19 22:53:25 [INFO ] main SpringApplication.java:664 org.example.srb.core.ServiceCoreApplication The following profiles are active: dev
2024-04-19 22:53:34 [INFO ] main StartupInfoLogger.java:61 org.example.srb.core.ServiceCoreApplication Started ServiceCoreApplication in 9.856 seconds (JVM running for 10.986)
2024-04-19 23:12:57 [INFO ] main StartupInfoLogger.java:55 org.example.srb.core.ServiceCoreApplication Starting ServiceCoreApplication using Java 1.8.0_391 on Hex with PID 20388 (E:\Project\ShangRongBao\srb\service-core\target\classes started by Administrator in E:\Project\ShangRongBao\srb)
2024-04-19 23:12:57 [INFO ] main SpringApplication.java:664 org.example.srb.core.ServiceCoreApplication The following profiles are active: dev
2024-04-19 23:13:06 [INFO ] main StartupInfoLogger.java:61 org.example.srb.core.ServiceCoreApplication Started ServiceCoreApplication in 9.829 seconds (JVM running for 11.013)
2024-04-19 23:20:40 [INFO ] http-nio-8110-exec-3 DictServiceImpl.java:124 org.example.srb.core.service.impl.DictServiceImpl 从数据库中取值
2024-04-19 23:20:40 [INFO ] http-nio-8110-exec-3 DictServiceImpl.java:139 org.example.srb.core.service.impl.DictServiceImpl 将数据存入redis
2024-04-19 23:20:42 [INFO ] http-nio-8110-exec-4 DictServiceImpl.java:116 org.example.srb.core.service.impl.DictServiceImpl 从redis中取值
2024-04-19 23:20:42 [INFO ] http-nio-8110-exec-4 DictServiceImpl.java:124 org.example.srb.core.service.impl.DictServiceImpl 从数据库中取值
2024-04-19 23:20:42 [INFO ] http-nio-8110-exec-4 DictServiceImpl.java:139 org.example.srb.core.service.impl.DictServiceImpl 将数据存入redis
2024-04-19 23:20:42 [INFO ] http-nio-8110-exec-4 DictServiceImpl.java:124 org.example.srb.core.service.impl.DictServiceImpl 从数据库中取值
2024-04-19 23:20:43 [INFO ] http-nio-8110-exec-4 DictServiceImpl.java:139 org.example.srb.core.service.impl.DictServiceImpl 将数据存入redis
2024-04-19 23:20:43 [INFO ] http-nio-8110-exec-4 DictServiceImpl.java:124 org.example.srb.core.service.impl.DictServiceImpl 从数据库中取值
2024-04-19 23:20:43 [INFO ] http-nio-8110-exec-4 DictServiceImpl.java:139 org.example.srb.core.service.impl.DictServiceImpl 将数据存入redis
2024-04-19 23:20:43 [INFO ] http-nio-8110-exec-4 DictServiceImpl.java:124 org.example.srb.core.service.impl.DictServiceImpl 从数据库中取值
2024-04-19 23:20:43 [INFO ] http-nio-8110-exec-4 DictServiceImpl.java:139 org.example.srb.core.service.impl.DictServiceImpl 将数据存入redis
2024-04-19 23:20:43 [INFO ] http-nio-8110-exec-4 DictServiceImpl.java:124 org.example.srb.core.service.impl.DictServiceImpl 从数据库中取值
2024-04-19 23:20:43 [INFO ] http-nio-8110-exec-4 DictServiceImpl.java:139 org.example.srb.core.service.impl.DictServiceImpl 将数据存入redis
2024-04-19 23:20:53 [INFO ] http-nio-8110-exec-1 RequestHelper.java:46 org.example.srb.core.hfb.RequestHelper 加密前：20240419232053524|999888|ff9bf3bbe91e49f58f8d4b2a1d87f649|1000000|0|http://localhost/api/core/userAccount/notify|http://localhost:3000/user|1713540053759|9876543210
2024-04-19 23:20:53 [INFO ] http-nio-8110-exec-1 RequestHelper.java:48 org.example.srb.core.hfb.RequestHelper 加密后：76e80c66780623e93e79721557669d4f
2024-04-19 23:21:01 [INFO ] http-nio-8110-exec-3 UserAccountController.java:58 org.example.srb.core.controller.api.UserAccountController 用户充值异步回调：{"chargeAmt":"1000000","hyFee":"0","mchFee":"0","resultCode":"0001","sign":"200db1cbdff325fe715cb13a881d3445","bindCode":"ff9bf3bbe91e49f58f8d4b2a1d87f649","agentBillNo":"20240419232053524","resultMsg":"充值成功","timestamp":"1713540060091"}
2024-04-19 23:21:01 [INFO ] http-nio-8110-exec-3 RequestHelper.java:46 org.example.srb.core.hfb.RequestHelper 加密前：20240419232053524|ff9bf3bbe91e49f58f8d4b2a1d87f649|1000000|0|0|0001|充值成功|1713540060091|9876543210
2024-04-19 23:21:01 [INFO ] http-nio-8110-exec-3 RequestHelper.java:48 org.example.srb.core.hfb.RequestHelper 加密后：200db1cbdff325fe715cb13a881d3445
2024-04-19 23:21:01 [INFO ] http-nio-8110-exec-3 UserAccountServiceImpl.java:93 org.example.srb.core.service.impl.UserAccountServiceImpl 充值成功：{"chargeAmt":"1000000","hyFee":"0","mchFee":"0","resultCode":"0001","bindCode":"ff9bf3bbe91e49f58f8d4b2a1d87f649","agentBillNo":"20240419232053524","resultMsg":"充值成功","timestamp":"1713540060091"}
2024-04-19 23:21:17 [INFO ] http-nio-8110-exec-5 Assert.java:26 org.example.common.exception.Assert obj is null...............
2024-04-19 23:21:17 [ERROR] http-nio-8110-exec-5 UnifiedExceptionHandler.java:57 org.example.common.exception.UnifiedExceptionHandler 用户不存在
org.example.common.exception.BusinessException: 用户不存在
	at org.example.common.exception.Assert.notNull(Assert.java:27)
	at org.example.srb.core.service.impl.UserInfoServiceImpl.login(UserInfoServiceImpl.java:98)
	at org.example.srb.core.service.impl.UserInfoServiceImpl$$FastClassBySpringCGLIB$$2c29e5d.invoke(<generated>)
	at org.springframework.cglib.proxy.MethodProxy.invoke(MethodProxy.java:218)
	at org.springframework.aop.framework.CglibAopProxy$CglibMethodInvocation.invokeJoinpoint(CglibAopProxy.java:779)
	at org.springframework.aop.framework.ReflectiveMethodInvocation.proceed(ReflectiveMethodInvocation.java:163)
	at org.springframework.aop.framework.CglibAopProxy$CglibMethodInvocation.proceed(CglibAopProxy.java:750)
	at org.springframework.transaction.interceptor.TransactionInterceptor$1.proceedWithInvocation(TransactionInterceptor.java:123)
	at org.springframework.transaction.interceptor.TransactionAspectSupport.invokeWithinTransaction(TransactionAspectSupport.java:388)
	at org.springframework.transaction.interceptor.TransactionInterceptor.invoke(TransactionInterceptor.java:119)
	at org.springframework.aop.framework.ReflectiveMethodInvocation.proceed(ReflectiveMethodInvocation.java:186)
	at org.springframework.aop.framework.CglibAopProxy$CglibMethodInvocation.proceed(CglibAopProxy.java:750)
	at org.springframework.aop.framework.CglibAopProxy$DynamicAdvisedInterceptor.intercept(CglibAopProxy.java:692)
	at org.example.srb.core.service.impl.UserInfoServiceImpl$$EnhancerBySpringCGLIB$$2adbf4e3.login(<generated>)
	at org.example.srb.core.controller.api.UserInfoController.login(UserInfoController.java:84)
	at sun.reflect.NativeMethodAccessorImpl.invoke0(Native Method)
	at sun.reflect.NativeMethodAccessorImpl.invoke(NativeMethodAccessorImpl.java:62)
	at sun.reflect.DelegatingMethodAccessorImpl.invoke(DelegatingMethodAccessorImpl.java:43)
	at java.lang.reflect.Method.invoke(Method.java:498)
	at org.springframework.web.method.support.InvocableHandlerMethod.doInvoke(InvocableHandlerMethod.java:197)
	at org.springframework.web.method.support.InvocableHandlerMethod.invokeForRequest(InvocableHandlerMethod.java:141)
	at org.springframework.web.servlet.mvc.method.annotation.ServletInvocableHandlerMethod.invokeAndHandle(ServletInvocableHandlerMethod.java:106)
	at org.springframework.web.servlet.mvc.method.annotation.RequestMappingHandlerAdapter.invokeHandlerMethod(RequestMappingHandlerAdapter.java:894)
	at org.springframework.web.servlet.mvc.method.annotation.RequestMappingHandlerAdapter.handleInternal(RequestMappingHandlerAdapter.java:808)
	at org.springframework.web.servlet.mvc.method.AbstractHandlerMethodAdapter.handle(AbstractHandlerMethodAdapter.java:87)
	at org.springframework.web.servlet.DispatcherServlet.doDispatch(DispatcherServlet.java:1060)
	at org.springframework.web.servlet.DispatcherServlet.doService(DispatcherServlet.java:962)
	at org.springframework.web.servlet.FrameworkServlet.processRequest(FrameworkServlet.java:1006)
	at org.springframework.web.servlet.FrameworkServlet.doPost(FrameworkServlet.java:909)
	at javax.servlet.http.HttpServlet.service(HttpServlet.java:652)
	at org.springframework.web.servlet.FrameworkServlet.service(FrameworkServlet.java:883)
	at javax.servlet.http.HttpServlet.service(HttpServlet.java:733)
	at org.apache.catalina.core.ApplicationFilterChain.internalDoFilter(ApplicationFilterChain.java:231)
	at org.apache.catalina.core.ApplicationFilterChain.doFilter(ApplicationFilterChain.java:166)
	at org.apache.tomcat.websocket.server.WsFilter.doFilter(WsFilter.java:53)
	at org.apache.catalina.core.ApplicationFilterChain.internalDoFilter(ApplicationFilterChain.java:193)
	at org.apache.catalina.core.ApplicationFilterChain.doFilter(ApplicationFilterChain.java:166)
	at org.springframework.web.filter.RequestContextFilter.doFilterInternal(RequestContextFilter.java:100)
	at org.springframework.web.filter.OncePerRequestFilter.doFilter(OncePerRequestFilter.java:119)
	at org.apache.catalina.core.ApplicationFilterChain.internalDoFilter(ApplicationFilterChain.java:193)
	at org.apache.catalina.core.ApplicationFilterChain.doFilter(ApplicationFilterChain.java:166)
	at org.springframework.web.filter.FormContentFilter.doFilterInternal(FormContentFilter.java:93)
	at org.springframework.web.filter.OncePerRequestFilter.doFilter(OncePerRequestFilter.java:119)
	at org.apache.catalina.core.ApplicationFilterChain.internalDoFilter(ApplicationFilterChain.java:193)
	at org.apache.catalina.core.ApplicationFilterChain.doFilter(ApplicationFilterChain.java:166)
	at org.springframework.boot.actuate.metrics.web.servlet.WebMvcMetricsFilter.doFilterInternal(WebMvcMetricsFilter.java:93)
	at org.springframework.web.filter.OncePerRequestFilter.doFilter(OncePerRequestFilter.java:119)
	at org.apache.catalina.core.ApplicationFilterChain.internalDoFilter(ApplicationFilterChain.java:193)
	at org.apache.catalina.core.ApplicationFilterChain.doFilter(ApplicationFilterChain.java:166)
	at org.springframework.web.filter.CharacterEncodingFilter.doFilterInternal(CharacterEncodingFilter.java:201)
	at org.springframework.web.filter.OncePerRequestFilter.doFilter(OncePerRequestFilter.java:119)
	at org.apache.catalina.core.ApplicationFilterChain.internalDoFilter(ApplicationFilterChain.java:193)
	at org.apache.catalina.core.ApplicationFilterChain.doFilter(ApplicationFilterChain.java:166)
	at org.apache.catalina.core.StandardWrapperValve.invoke(StandardWrapperValve.java:202)
	at org.apache.catalina.core.StandardContextValve.invoke(StandardContextValve.java:97)
	at org.apache.catalina.authenticator.AuthenticatorBase.invoke(AuthenticatorBase.java:542)
	at org.apache.catalina.core.StandardHostValve.invoke(StandardHostValve.java:143)
	at org.apache.catalina.valves.ErrorReportValve.invoke(ErrorReportValve.java:92)
	at org.apache.catalina.core.StandardEngineValve.invoke(StandardEngineValve.java:78)
	at org.apache.catalina.connector.CoyoteAdapter.service(CoyoteAdapter.java:343)
	at org.apache.coyote.http11.Http11Processor.service(Http11Processor.java:374)
	at org.apache.coyote.AbstractProcessorLight.process(AbstractProcessorLight.java:65)
	at org.apache.coyote.AbstractProtocol$ConnectionHandler.process(AbstractProtocol.java:888)
	at org.apache.tomcat.util.net.NioEndpoint$SocketProcessor.doRun(NioEndpoint.java:1597)
	at org.apache.tomcat.util.net.SocketProcessorBase.run(SocketProcessorBase.java:49)
	at java.util.concurrent.ThreadPoolExecutor.runWorker(ThreadPoolExecutor.java:1149)
	at java.util.concurrent.ThreadPoolExecutor$Worker.run(ThreadPoolExecutor.java:624)
	at org.apache.tomcat.util.threads.TaskThread$WrappingRunnable.run(TaskThread.java:61)
	at java.lang.Thread.run(Thread.java:750)
2024-04-19 23:23:09 [INFO ] http-nio-8110-exec-1 RequestHelper.java:46 org.example.srb.core.hfb.RequestHelper 加密前：999888|9|62000000000|开发银行|45665224855555|15600000000|http://localhost/api/core/userBind/notify|抗生素|http://localhost:3000/user|1713540189790|9876543210
2024-04-19 23:23:09 [INFO ] http-nio-8110-exec-1 RequestHelper.java:48 org.example.srb.core.hfb.RequestHelper 加密后：c0ac567e55ec3190a872c31de92e8fcf
2024-04-19 23:23:15 [INFO ] http-nio-8110-exec-4 UserBindController.java:52 org.example.srb.core.controller.api.UserBindController 用户账号绑定异步回调：{"agentUserId":"9","resultCode":"0001","sign":"cb7d2042b8d38f486fb73ed1d791c1d0","bindCode":"aa3ab156fee14ee78bab09445cb85de8","resultMsg":"成功","timestamp":"1713540194682"}
2024-04-19 23:23:15 [INFO ] http-nio-8110-exec-4 RequestHelper.java:46 org.example.srb.core.hfb.RequestHelper 加密前：9|aa3ab156fee14ee78bab09445cb85de8|0001|成功|1713540194682|9876543210
2024-04-19 23:23:15 [INFO ] http-nio-8110-exec-4 RequestHelper.java:48 org.example.srb.core.hfb.RequestHelper 加密后：cb7d2042b8d38f486fb73ed1d791c1d0
2024-04-19 23:23:20 [INFO ] http-nio-8110-exec-6 DictServiceImpl.java:116 org.example.srb.core.service.impl.DictServiceImpl 从redis中取值
2024-04-19 23:23:21 [INFO ] http-nio-8110-exec-9 DictServiceImpl.java:116 org.example.srb.core.service.impl.DictServiceImpl 从redis中取值
2024-04-19 23:23:21 [INFO ] http-nio-8110-exec-9 DictServiceImpl.java:116 org.example.srb.core.service.impl.DictServiceImpl 从redis中取值
2024-04-19 23:23:21 [INFO ] http-nio-8110-exec-9 DictServiceImpl.java:116 org.example.srb.core.service.impl.DictServiceImpl 从redis中取值
2024-04-19 23:23:22 [INFO ] http-nio-8110-exec-9 DictServiceImpl.java:116 org.example.srb.core.service.impl.DictServiceImpl 从redis中取值
2024-04-19 23:23:22 [INFO ] http-nio-8110-exec-9 DictServiceImpl.java:116 org.example.srb.core.service.impl.DictServiceImpl 从redis中取值
2024-04-19 23:23:22 [INFO ] http-nio-8110-exec-9 DictServiceImpl.java:116 org.example.srb.core.service.impl.DictServiceImpl 从redis中取值
2024-04-19 23:23:46 [INFO ] http-nio-8110-exec-5 RequestHelper.java:46 org.example.srb.core.hfb.RequestHelper 加密前：20240419232346933|999888|aa3ab156fee14ee78bab09445cb85de8|50000|0|http://localhost/api/core/userAccount/notify|http://localhost:3000/user|1713540226482|9876543210
2024-04-19 23:23:46 [INFO ] http-nio-8110-exec-5 RequestHelper.java:48 org.example.srb.core.hfb.RequestHelper 加密后：e41fe0b74c95ffafee29661542ae0a88
2024-04-19 23:23:53 [INFO ] http-nio-8110-exec-9 UserAccountController.java:58 org.example.srb.core.controller.api.UserAccountController 用户充值异步回调：{"chargeAmt":"50000","hyFee":"0","mchFee":"0","resultCode":"0001","sign":"fe8d189c83e23810565327ecdc47514f","bindCode":"aa3ab156fee14ee78bab09445cb85de8","agentBillNo":"20240419232346933","resultMsg":"充值成功","timestamp":"1713540232265"}
2024-04-19 23:23:53 [INFO ] http-nio-8110-exec-9 RequestHelper.java:46 org.example.srb.core.hfb.RequestHelper 加密前：20240419232346933|aa3ab156fee14ee78bab09445cb85de8|50000|0|0|0001|充值成功|1713540232265|9876543210
2024-04-19 23:23:53 [INFO ] http-nio-8110-exec-9 RequestHelper.java:48 org.example.srb.core.hfb.RequestHelper 加密后：fe8d189c83e23810565327ecdc47514f
2024-04-19 23:23:53 [INFO ] http-nio-8110-exec-9 UserAccountServiceImpl.java:93 org.example.srb.core.service.impl.UserAccountServiceImpl 充值成功：{"chargeAmt":"50000","hyFee":"0","mchFee":"0","resultCode":"0001","bindCode":"aa3ab156fee14ee78bab09445cb85de8","agentBillNo":"20240419232346933","resultMsg":"充值成功","timestamp":"1713540232265"}
2024-04-19 23:24:21 [INFO ] http-nio-8110-exec-7 DictServiceImpl.java:116 org.example.srb.core.service.impl.DictServiceImpl 从redis中取值
2024-04-19 23:24:23 [INFO ] http-nio-8110-exec-2 DictServiceImpl.java:116 org.example.srb.core.service.impl.DictServiceImpl 从redis中取值
2024-04-19 23:24:23 [INFO ] http-nio-8110-exec-2 DictServiceImpl.java:116 org.example.srb.core.service.impl.DictServiceImpl 从redis中取值
2024-04-19 23:24:23 [INFO ] http-nio-8110-exec-2 DictServiceImpl.java:116 org.example.srb.core.service.impl.DictServiceImpl 从redis中取值
2024-04-19 23:24:23 [INFO ] http-nio-8110-exec-2 DictServiceImpl.java:116 org.example.srb.core.service.impl.DictServiceImpl 从redis中取值
2024-04-19 23:24:23 [INFO ] http-nio-8110-exec-2 DictServiceImpl.java:116 org.example.srb.core.service.impl.DictServiceImpl 从redis中取值
2024-04-19 23:24:23 [INFO ] http-nio-8110-exec-2 DictServiceImpl.java:116 org.example.srb.core.service.impl.DictServiceImpl 从redis中取值
2024-04-19 23:24:35 [INFO ] http-nio-8110-exec-9 RequestHelper.java:46 org.example.srb.core.hfb.RequestHelper 加密前：INVEST20240419232435424|999888|LEND20240417202829684|旅游代|dad37ffabd4b402caa39876f5b4f058c||http://localhost/api/core/lendItem/notify|100000.00|http://localhost:3000/user|1713540275493|5000|aa3ab156fee14ee78bab09445cb85de8|0|0|9876543210
2024-04-19 23:24:35 [INFO ] http-nio-8110-exec-9 RequestHelper.java:48 org.example.srb.core.hfb.RequestHelper 加密后：598c0abd792a439520babddaefc72300
2024-04-19 23:24:40 [INFO ] http-nio-8110-exec-8 LendItemController.java:65 org.example.srb.core.controller.api.LendItemController 用户投资异步回调：{"voteBindCode":"aa3ab156fee14ee78bab09445cb85de8","agentProjectCode":"LEND20240417202829684","voteAmt":"5000","projectType":"0","resultCode":"0001","sign":"ef453835fd8ba12f3215e7e926fa02a7","voteNote":"","voteFeeAmt":"0","votePrizeAmt":"0","agentBillNo":"INVEST20240419232435424","resultMsg":"充值成功","timestamp":"1713540279633"}
2024-04-19 23:24:40 [INFO ] http-nio-8110-exec-8 RequestHelper.java:46 org.example.srb.core.hfb.RequestHelper 加密前：INVEST20240419232435424|LEND20240417202829684|0|0001|充值成功|1713540279633|5000|aa3ab156fee14ee78bab09445cb85de8|0||0|9876543210
2024-04-19 23:24:40 [INFO ] http-nio-8110-exec-8 RequestHelper.java:48 org.example.srb.core.hfb.RequestHelper 加密后：ef453835fd8ba12f3215e7e926fa02a7
2024-04-19 23:24:40 [INFO ] http-nio-8110-exec-8 LendItemServiceImpl.java:180 org.example.srb.core.service.impl.LendItemServiceImpl 投标成功INVEST20240419232435424
2024-04-19 23:25:16 [INFO ] http-nio-8110-exec-2 DictServiceImpl.java:116 org.example.srb.core.service.impl.DictServiceImpl 从redis中取值
2024-04-19 23:25:18 [INFO ] http-nio-8110-exec-1 DictServiceImpl.java:116 org.example.srb.core.service.impl.DictServiceImpl 从redis中取值
2024-04-19 23:25:18 [INFO ] http-nio-8110-exec-1 DictServiceImpl.java:116 org.example.srb.core.service.impl.DictServiceImpl 从redis中取值
2024-04-19 23:25:18 [INFO ] http-nio-8110-exec-1 DictServiceImpl.java:116 org.example.srb.core.service.impl.DictServiceImpl 从redis中取值
2024-04-19 23:25:18 [INFO ] http-nio-8110-exec-1 DictServiceImpl.java:116 org.example.srb.core.service.impl.DictServiceImpl 从redis中取值
2024-04-19 23:25:18 [INFO ] http-nio-8110-exec-1 DictServiceImpl.java:116 org.example.srb.core.service.impl.DictServiceImpl 从redis中取值
2024-04-19 23:25:18 [INFO ] http-nio-8110-exec-1 DictServiceImpl.java:116 org.example.srb.core.service.impl.DictServiceImpl 从redis中取值
2024-04-19 23:26:30 [INFO ] http-nio-8110-exec-1 RequestHelper.java:46 org.example.srb.core.hfb.RequestHelper 加密前：INVEST20240419232630998|999888|LEND20240417202829684|旅游代|dad37ffabd4b402caa39876f5b4f058c||http://localhost/api/core/lendItem/notify|100000.00|http://localhost:3000/user|1713540390816|10000|aa3ab156fee14ee78bab09445cb85de8|0|0|9876543210
2024-04-19 23:26:30 [INFO ] http-nio-8110-exec-1 RequestHelper.java:48 org.example.srb.core.hfb.RequestHelper 加密后：99f0c026630aeb4ebb754e0a52a5b365
2024-04-19 23:26:31 [INFO ] http-nio-8110-exec-10 DictServiceImpl.java:116 org.example.srb.core.service.impl.DictServiceImpl 从redis中取值
2024-04-19 23:26:31 [INFO ] http-nio-8110-exec-10 DictServiceImpl.java:116 org.example.srb.core.service.impl.DictServiceImpl 从redis中取值
2024-04-19 23:26:31 [INFO ] http-nio-8110-exec-10 DictServiceImpl.java:116 org.example.srb.core.service.impl.DictServiceImpl 从redis中取值
2024-04-19 23:26:31 [INFO ] http-nio-8110-exec-10 DictServiceImpl.java:116 org.example.srb.core.service.impl.DictServiceImpl 从redis中取值
2024-04-19 23:26:31 [INFO ] http-nio-8110-exec-10 DictServiceImpl.java:116 org.example.srb.core.service.impl.DictServiceImpl 从redis中取值
2024-04-19 23:26:31 [INFO ] http-nio-8110-exec-10 DictServiceImpl.java:116 org.example.srb.core.service.impl.DictServiceImpl 从redis中取值
2024-04-19 23:26:35 [INFO ] http-nio-8110-exec-7 LendItemController.java:65 org.example.srb.core.controller.api.LendItemController 用户投资异步回调：{"voteBindCode":"aa3ab156fee14ee78bab09445cb85de8","agentProjectCode":"LEND20240417202829684","voteAmt":"10000","projectType":"0","resultCode":"0001","sign":"00e8f62ad2a42e5d0a04e16d2306dc51","voteNote":"","voteFeeAmt":"0","votePrizeAmt":"0","agentBillNo":"INVEST20240419232630998","resultMsg":"充值成功","timestamp":"1713540394959"}
2024-04-19 23:26:35 [INFO ] http-nio-8110-exec-7 RequestHelper.java:46 org.example.srb.core.hfb.RequestHelper 加密前：INVEST20240419232630998|LEND20240417202829684|0|0001|充值成功|1713540394959|10000|aa3ab156fee14ee78bab09445cb85de8|0||0|9876543210
2024-04-19 23:26:35 [INFO ] http-nio-8110-exec-7 RequestHelper.java:48 org.example.srb.core.hfb.RequestHelper 加密后：00e8f62ad2a42e5d0a04e16d2306dc51
2024-04-19 23:26:35 [INFO ] http-nio-8110-exec-7 LendItemServiceImpl.java:180 org.example.srb.core.service.impl.LendItemServiceImpl 投标成功INVEST20240419232630998
2024-04-19 23:27:08 [INFO ] http-nio-8110-exec-2 DictServiceImpl.java:116 org.example.srb.core.service.impl.DictServiceImpl 从redis中取值
2024-04-19 23:27:08 [INFO ] http-nio-8110-exec-2 DictServiceImpl.java:116 org.example.srb.core.service.impl.DictServiceImpl 从redis中取值
2024-04-19 23:27:08 [INFO ] http-nio-8110-exec-2 DictServiceImpl.java:116 org.example.srb.core.service.impl.DictServiceImpl 从redis中取值
2024-04-19 23:27:08 [INFO ] http-nio-8110-exec-2 DictServiceImpl.java:116 org.example.srb.core.service.impl.DictServiceImpl 从redis中取值
2024-04-19 23:27:08 [INFO ] http-nio-8110-exec-2 DictServiceImpl.java:116 org.example.srb.core.service.impl.DictServiceImpl 从redis中取值
2024-04-19 23:27:08 [INFO ] http-nio-8110-exec-2 DictServiceImpl.java:116 org.example.srb.core.service.impl.DictServiceImpl 从redis中取值
