2024-04-08 21:33:56 [INFO ] main StartupInfoLogger.java:55 org.example.srb.sms.ServiceSmsApplication Starting ServiceSmsApplication using Java 1.8.0_391 on Hex with PID 128 (E:\Project\ShangRongBao\srb\service-sms\target\classes started by Administrator in E:\Project\ShangRongBao\srb)
2024-04-08 21:33:56 [INFO ] main SpringApplication.java:664 org.example.srb.sms.ServiceSmsApplication The following profiles are active: dev
2024-04-08 21:33:58 [INFO ] main StartupInfoLogger.java:61 org.example.srb.sms.ServiceSmsApplication Started ServiceSmsApplication in 2.874 seconds (JVM running for 3.931)
2024-04-08 21:35:20 [INFO ] main StartupInfoLogger.java:55 org.example.srb.sms.ServiceSmsApplication Starting ServiceSmsApplication using Java 1.8.0_391 on Hex with PID 18948 (E:\Project\ShangRongBao\srb\service-sms\target\classes started by Administrator in E:\Project\ShangRongBao\srb)
2024-04-08 21:35:20 [INFO ] main SpringApplication.java:664 org.example.srb.sms.ServiceSmsApplication The following profiles are active: dev
2024-04-08 21:35:23 [INFO ] main StartupInfoLogger.java:61 org.example.srb.sms.ServiceSmsApplication Started ServiceSmsApplication in 3.55 seconds (JVM running for 4.532)
2024-04-08 21:45:15 [INFO ] main StartupInfoLogger.java:55 org.example.srb.sms.ServiceSmsApplication Starting ServiceSmsApplication using Java 1.8.0_391 on Hex with PID 16996 (E:\Project\ShangRongBao\srb\service-sms\target\classes started by Administrator in E:\Project\ShangRongBao\srb)
2024-04-08 21:45:15 [INFO ] main SpringApplication.java:664 org.example.srb.sms.ServiceSmsApplication The following profiles are active: dev
2024-04-08 21:45:17 [INFO ] main StartupInfoLogger.java:61 org.example.srb.sms.ServiceSmsApplication Started ServiceSmsApplication in 2.806 seconds (JVM running for 3.649)
2024-04-08 21:53:20 [INFO ] main StartupInfoLogger.java:55 org.example.srb.sms.ServiceSmsApplication Starting ServiceSmsApplication using Java 1.8.0_391 on Hex with PID 20268 (E:\Project\ShangRongBao\srb\service-sms\target\classes started by Administrator in E:\Project\ShangRongBao\srb)
2024-04-08 21:53:20 [INFO ] main SpringApplication.java:664 org.example.srb.sms.ServiceSmsApplication The following profiles are active: dev
2024-04-08 21:53:23 [INFO ] main StartupInfoLogger.java:61 org.example.srb.sms.ServiceSmsApplication Started ServiceSmsApplication in 2.993 seconds (JVM running for 3.871)
2024-04-08 21:53:50 [INFO ] main StartupInfoLogger.java:55 org.example.srb.sms.ServiceSmsApplication Starting ServiceSmsApplication using Java 1.8.0_391 on Hex with PID 10940 (E:\Project\ShangRongBao\srb\service-sms\target\classes started by Administrator in E:\Project\ShangRongBao\srb)
2024-04-08 21:53:50 [INFO ] main SpringApplication.java:664 org.example.srb.sms.ServiceSmsApplication The following profiles are active: dev
2024-04-08 21:53:52 [INFO ] main StartupInfoLogger.java:61 org.example.srb.sms.ServiceSmsApplication Started ServiceSmsApplication in 3.134 seconds (JVM running for 4.026)
2024-04-08 22:53:44 [INFO ] main StartupInfoLogger.java:55 org.example.srb.sms.ServiceSmsApplication Starting ServiceSmsApplication using Java 1.8.0_391 on Hex with PID 18248 (E:\Project\ShangRongBao\srb\service-sms\target\classes started by Administrator in E:\Project\ShangRongBao\srb)
2024-04-08 22:53:45 [INFO ] main SpringApplication.java:664 org.example.srb.sms.ServiceSmsApplication The following profiles are active: dev
2024-04-08 22:53:47 [INFO ] main StartupInfoLogger.java:61 org.example.srb.sms.ServiceSmsApplication Started ServiceSmsApplication in 3.623 seconds (JVM running for 4.647)
2024-04-08 22:56:43 [INFO ] main StartupInfoLogger.java:55 org.example.srb.sms.ServiceSmsApplication Starting ServiceSmsApplication using Java 1.8.0_391 on Hex with PID 17676 (E:\Project\ShangRongBao\srb\service-sms\target\classes started by Administrator in E:\Project\ShangRongBao\srb)
2024-04-08 22:56:43 [INFO ] main SpringApplication.java:664 org.example.srb.sms.ServiceSmsApplication The following profiles are active: dev
2024-04-08 22:56:46 [INFO ] main StartupInfoLogger.java:61 org.example.srb.sms.ServiceSmsApplication Started ServiceSmsApplication in 4.465 seconds (JVM running for 5.77)
2024-04-08 22:58:51 [INFO ] main StartupInfoLogger.java:55 org.example.srb.sms.ServiceSmsApplication Starting ServiceSmsApplication using Java 1.8.0_391 on Hex with PID 17868 (E:\Project\ShangRongBao\srb\service-sms\target\classes started by Administrator in E:\Project\ShangRongBao\srb)
2024-04-08 22:58:51 [INFO ] main SpringApplication.java:664 org.example.srb.sms.ServiceSmsApplication The following profiles are active: dev
2024-04-08 22:58:55 [INFO ] main StartupInfoLogger.java:61 org.example.srb.sms.ServiceSmsApplication Started ServiceSmsApplication in 4.08 seconds (JVM running for 5.167)
2024-04-08 23:05:36 [INFO ] http-nio-8120-exec-3 Assert.java:53 org.example.common.exception.Assert fail...............
2024-04-08 23:05:36 [ERROR] http-nio-8120-exec-3 UnifiedExceptionHandler.java:57 org.example.common.exception.UnifiedExceptionHandler 手机号码不正确
org.example.common.exception.BusinessException: 手机号码不正确
	at org.example.common.exception.Assert.isTrue(Assert.java:54)
	at org.example.srb.sms.controller.api.ApiSmsController.send(ApiSmsController.java:52)
	at sun.reflect.NativeMethodAccessorImpl.invoke0(Native Method)
	at sun.reflect.NativeMethodAccessorImpl.invoke(NativeMethodAccessorImpl.java:62)
	at sun.reflect.DelegatingMethodAccessorImpl.invoke(DelegatingMethodAccessorImpl.java:43)
	at java.lang.reflect.Method.invoke(Method.java:498)
	at org.springframework.web.method.support.InvocableHandlerMethod.doInvoke(InvocableHandlerMethod.java:197)
	at org.springframework.web.method.support.InvocableHandlerMethod.invokeForRequest(InvocableHandlerMethod.java:141)
	at org.springframework.web.servlet.mvc.method.annotation.ServletInvocableHandlerMethod.invokeAndHandle(ServletInvocableHandlerMethod.java:106)
	at org.springframework.web.servlet.mvc.method.annotation.RequestMappingHandlerAdapter.invokeHandlerMethod(RequestMappingHandlerAdapter.java:894)
	at org.springframework.web.servlet.mvc.method.annotation.RequestMappingHandlerAdapter.handleInternal(RequestMappingHandlerAdapter.java:808)
	at org.springframework.web.servlet.mvc.method.AbstractHandlerMethodAdapter.handle(AbstractHandlerMethodAdapter.java:87)
	at org.springframework.web.servlet.DispatcherServlet.doDispatch(DispatcherServlet.java:1060)
	at org.springframework.web.servlet.DispatcherServlet.doService(DispatcherServlet.java:962)
	at org.springframework.web.servlet.FrameworkServlet.processRequest(FrameworkServlet.java:1006)
	at org.springframework.web.servlet.FrameworkServlet.doGet(FrameworkServlet.java:898)
	at javax.servlet.http.HttpServlet.service(HttpServlet.java:626)
	at org.springframework.web.servlet.FrameworkServlet.service(FrameworkServlet.java:883)
	at javax.servlet.http.HttpServlet.service(HttpServlet.java:733)
	at org.apache.catalina.core.ApplicationFilterChain.internalDoFilter(ApplicationFilterChain.java:231)
	at org.apache.catalina.core.ApplicationFilterChain.doFilter(ApplicationFilterChain.java:166)
	at org.apache.tomcat.websocket.server.WsFilter.doFilter(WsFilter.java:53)
	at org.apache.catalina.core.ApplicationFilterChain.internalDoFilter(ApplicationFilterChain.java:193)
	at org.apache.catalina.core.ApplicationFilterChain.doFilter(ApplicationFilterChain.java:166)
	at org.springframework.web.filter.RequestContextFilter.doFilterInternal(RequestContextFilter.java:100)
	at org.springframework.web.filter.OncePerRequestFilter.doFilter(OncePerRequestFilter.java:119)
	at org.apache.catalina.core.ApplicationFilterChain.internalDoFilter(ApplicationFilterChain.java:193)
	at org.apache.catalina.core.ApplicationFilterChain.doFilter(ApplicationFilterChain.java:166)
	at org.springframework.web.filter.FormContentFilter.doFilterInternal(FormContentFilter.java:93)
	at org.springframework.web.filter.OncePerRequestFilter.doFilter(OncePerRequestFilter.java:119)
	at org.apache.catalina.core.ApplicationFilterChain.internalDoFilter(ApplicationFilterChain.java:193)
	at org.apache.catalina.core.ApplicationFilterChain.doFilter(ApplicationFilterChain.java:166)
	at org.springframework.web.filter.CharacterEncodingFilter.doFilterInternal(CharacterEncodingFilter.java:201)
	at org.springframework.web.filter.OncePerRequestFilter.doFilter(OncePerRequestFilter.java:119)
	at org.apache.catalina.core.ApplicationFilterChain.internalDoFilter(ApplicationFilterChain.java:193)
	at org.apache.catalina.core.ApplicationFilterChain.doFilter(ApplicationFilterChain.java:166)
	at org.apache.catalina.core.StandardWrapperValve.invoke(StandardWrapperValve.java:202)
	at org.apache.catalina.core.StandardContextValve.invoke(StandardContextValve.java:97)
	at org.apache.catalina.authenticator.AuthenticatorBase.invoke(AuthenticatorBase.java:542)
	at org.apache.catalina.core.StandardHostValve.invoke(StandardHostValve.java:143)
	at org.apache.catalina.valves.ErrorReportValve.invoke(ErrorReportValve.java:92)
	at org.apache.catalina.core.StandardEngineValve.invoke(StandardEngineValve.java:78)
	at org.apache.catalina.connector.CoyoteAdapter.service(CoyoteAdapter.java:343)
	at org.apache.coyote.http11.Http11Processor.service(Http11Processor.java:374)
	at org.apache.coyote.AbstractProcessorLight.process(AbstractProcessorLight.java:65)
	at org.apache.coyote.AbstractProtocol$ConnectionHandler.process(AbstractProtocol.java:888)
	at org.apache.tomcat.util.net.NioEndpoint$SocketProcessor.doRun(NioEndpoint.java:1597)
	at org.apache.tomcat.util.net.SocketProcessorBase.run(SocketProcessorBase.java:49)
	at java.util.concurrent.ThreadPoolExecutor.runWorker(ThreadPoolExecutor.java:1149)
	at java.util.concurrent.ThreadPoolExecutor$Worker.run(ThreadPoolExecutor.java:624)
	at org.apache.tomcat.util.threads.TaskThread$WrappingRunnable.run(TaskThread.java:61)
	at java.lang.Thread.run(Thread.java:750)
2024-04-08 23:05:47 [ERROR] http-nio-8120-exec-6 SmsServiceImpl.java:81 org.example.srb.sms.service.impl.SmsServiceImpl 阿里云短信发送SDK调用失败：
2024-04-08 23:05:47 [ERROR] http-nio-8120-exec-6 SmsServiceImpl.java:82 org.example.srb.sms.service.impl.SmsServiceImpl ErrorCode=InvalidAccessKeyId
2024-04-08 23:05:47 [ERROR] http-nio-8120-exec-6 SmsServiceImpl.java:83 org.example.srb.sms.service.impl.SmsServiceImpl ErrorMessage=Specified access key is not found or invalid.
2024-04-08 23:05:47 [ERROR] http-nio-8120-exec-6 UnifiedExceptionHandler.java:57 org.example.common.exception.UnifiedExceptionHandler 短信发送失败
org.example.common.exception.BusinessException: 短信发送失败
	at org.example.srb.sms.service.impl.SmsServiceImpl.send(SmsServiceImpl.java:85)
	at org.example.srb.sms.controller.api.ApiSmsController.send(ApiSmsController.java:60)
	at sun.reflect.NativeMethodAccessorImpl.invoke0(Native Method)
	at sun.reflect.NativeMethodAccessorImpl.invoke(NativeMethodAccessorImpl.java:62)
	at sun.reflect.DelegatingMethodAccessorImpl.invoke(DelegatingMethodAccessorImpl.java:43)
	at java.lang.reflect.Method.invoke(Method.java:498)
	at org.springframework.web.method.support.InvocableHandlerMethod.doInvoke(InvocableHandlerMethod.java:197)
	at org.springframework.web.method.support.InvocableHandlerMethod.invokeForRequest(InvocableHandlerMethod.java:141)
	at org.springframework.web.servlet.mvc.method.annotation.ServletInvocableHandlerMethod.invokeAndHandle(ServletInvocableHandlerMethod.java:106)
	at org.springframework.web.servlet.mvc.method.annotation.RequestMappingHandlerAdapter.invokeHandlerMethod(RequestMappingHandlerAdapter.java:894)
	at org.springframework.web.servlet.mvc.method.annotation.RequestMappingHandlerAdapter.handleInternal(RequestMappingHandlerAdapter.java:808)
	at org.springframework.web.servlet.mvc.method.AbstractHandlerMethodAdapter.handle(AbstractHandlerMethodAdapter.java:87)
	at org.springframework.web.servlet.DispatcherServlet.doDispatch(DispatcherServlet.java:1060)
	at org.springframework.web.servlet.DispatcherServlet.doService(DispatcherServlet.java:962)
	at org.springframework.web.servlet.FrameworkServlet.processRequest(FrameworkServlet.java:1006)
	at org.springframework.web.servlet.FrameworkServlet.doGet(FrameworkServlet.java:898)
	at javax.servlet.http.HttpServlet.service(HttpServlet.java:626)
	at org.springframework.web.servlet.FrameworkServlet.service(FrameworkServlet.java:883)
	at javax.servlet.http.HttpServlet.service(HttpServlet.java:733)
	at org.apache.catalina.core.ApplicationFilterChain.internalDoFilter(ApplicationFilterChain.java:231)
	at org.apache.catalina.core.ApplicationFilterChain.doFilter(ApplicationFilterChain.java:166)
	at org.apache.tomcat.websocket.server.WsFilter.doFilter(WsFilter.java:53)
	at org.apache.catalina.core.ApplicationFilterChain.internalDoFilter(ApplicationFilterChain.java:193)
	at org.apache.catalina.core.ApplicationFilterChain.doFilter(ApplicationFilterChain.java:166)
	at org.springframework.web.filter.RequestContextFilter.doFilterInternal(RequestContextFilter.java:100)
	at org.springframework.web.filter.OncePerRequestFilter.doFilter(OncePerRequestFilter.java:119)
	at org.apache.catalina.core.ApplicationFilterChain.internalDoFilter(ApplicationFilterChain.java:193)
	at org.apache.catalina.core.ApplicationFilterChain.doFilter(ApplicationFilterChain.java:166)
	at org.springframework.web.filter.FormContentFilter.doFilterInternal(FormContentFilter.java:93)
	at org.springframework.web.filter.OncePerRequestFilter.doFilter(OncePerRequestFilter.java:119)
	at org.apache.catalina.core.ApplicationFilterChain.internalDoFilter(ApplicationFilterChain.java:193)
	at org.apache.catalina.core.ApplicationFilterChain.doFilter(ApplicationFilterChain.java:166)
	at org.springframework.web.filter.CharacterEncodingFilter.doFilterInternal(CharacterEncodingFilter.java:201)
	at org.springframework.web.filter.OncePerRequestFilter.doFilter(OncePerRequestFilter.java:119)
	at org.apache.catalina.core.ApplicationFilterChain.internalDoFilter(ApplicationFilterChain.java:193)
	at org.apache.catalina.core.ApplicationFilterChain.doFilter(ApplicationFilterChain.java:166)
	at org.apache.catalina.core.StandardWrapperValve.invoke(StandardWrapperValve.java:202)
	at org.apache.catalina.core.StandardContextValve.invoke(StandardContextValve.java:97)
	at org.apache.catalina.authenticator.AuthenticatorBase.invoke(AuthenticatorBase.java:542)
	at org.apache.catalina.core.StandardHostValve.invoke(StandardHostValve.java:143)
	at org.apache.catalina.valves.ErrorReportValve.invoke(ErrorReportValve.java:92)
	at org.apache.catalina.core.StandardEngineValve.invoke(StandardEngineValve.java:78)
	at org.apache.catalina.connector.CoyoteAdapter.service(CoyoteAdapter.java:343)
	at org.apache.coyote.http11.Http11Processor.service(Http11Processor.java:374)
	at org.apache.coyote.AbstractProcessorLight.process(AbstractProcessorLight.java:65)
	at org.apache.coyote.AbstractProtocol$ConnectionHandler.process(AbstractProtocol.java:888)
	at org.apache.tomcat.util.net.NioEndpoint$SocketProcessor.doRun(NioEndpoint.java:1597)
	at org.apache.tomcat.util.net.SocketProcessorBase.run(SocketProcessorBase.java:49)
	at java.util.concurrent.ThreadPoolExecutor.runWorker(ThreadPoolExecutor.java:1149)
	at java.util.concurrent.ThreadPoolExecutor$Worker.run(ThreadPoolExecutor.java:624)
	at org.apache.tomcat.util.threads.TaskThread$WrappingRunnable.run(TaskThread.java:61)
	at java.lang.Thread.run(Thread.java:750)
Caused by: com.aliyuncs.exceptions.ClientException: InvalidAccessKeyId : Specified access key is not found or invalid.
RequestId : 1F9C6ACD-6109-5CCA-8E2F-9B91A3490678
	at com.aliyuncs.DefaultAcsClient.getCommonResponse(DefaultAcsClient.java:158)
	at org.example.srb.sms.service.impl.SmsServiceImpl.send(SmsServiceImpl.java:56)
	... 51 common frames omitted
2024-04-08 23:07:05 [INFO ] main StartupInfoLogger.java:55 org.example.srb.sms.ServiceSmsApplication Starting ServiceSmsApplication using Java 1.8.0_391 on Hex with PID 7924 (E:\Project\ShangRongBao\srb\service-sms\target\classes started by Administrator in E:\Project\ShangRongBao\srb)
2024-04-08 23:07:05 [INFO ] main SpringApplication.java:664 org.example.srb.sms.ServiceSmsApplication The following profiles are active: dev
2024-04-08 23:07:07 [INFO ] main StartupInfoLogger.java:61 org.example.srb.sms.ServiceSmsApplication Started ServiceSmsApplication in 2.962 seconds (JVM running for 3.806)
